{"C:\\Users\\abrahel\\projects\\multiverse\\scooter-challenge\\src\\App.js": {"path":"C:\\Users\\abrahel\\projects\\multiverse\\scooter-challenge\\src\\App.js","statementMap":{"0":{"start":{"line":1,"column":13},"end":{"line":1,"column":30}},"1":{"start":{"line":4,"column":19},"end":{"line":4,"column":21}},"2":{"start":{"line":5,"column":22},"end":{"line":5,"column":24}},"3":{"start":{"line":12,"column":8},"end":{"line":19,"column":9}},"4":{"start":{"line":13,"column":12},"end":{"line":13,"column":49}},"5":{"start":{"line":14,"column":15},"end":{"line":19,"column":9}},"6":{"start":{"line":15,"column":12},"end":{"line":15,"column":42}},"7":{"start":{"line":16,"column":12},"end":{"line":16,"column":33}},"8":{"start":{"line":17,"column":12},"end":{"line":17,"column":29}},"9":{"start":{"line":18,"column":12},"end":{"line":18,"column":102}},"10":{"start":{"line":25,"column":22},"end":{"line":25,"column":70}},"11":{"start":{"line":25,"column":45},"end":{"line":25,"column":69}},"12":{"start":{"line":27,"column":8},"end":{"line":29,"column":9}},"13":{"start":{"line":28,"column":12},"end":{"line":28,"column":25}},"14":{"start":{"line":31,"column":20},"end":{"line":31,"column":29}},"15":{"start":{"line":33,"column":8},"end":{"line":37,"column":9}},"16":{"start":{"line":34,"column":12},"end":{"line":34,"column":24}},"17":{"start":{"line":35,"column":15},"end":{"line":37,"column":9}},"18":{"start":{"line":36,"column":12},"end":{"line":36,"column":25}},"19":{"start":{"line":41,"column":24},"end":{"line":41,"column":39}},"20":{"start":{"line":43,"column":8},"end":{"line":45,"column":9}},"21":{"start":{"line":44,"column":12},"end":{"line":44,"column":87}},"22":{"start":{"line":47,"column":8},"end":{"line":49,"column":9}},"23":{"start":{"line":48,"column":12},"end":{"line":48,"column":85}},"24":{"start":{"line":51,"column":8},"end":{"line":51,"column":20}},"25":{"start":{"line":55,"column":0},"end":{"line":55,"column":21}}},"fnMap":{"0":{"name":"(anonymous_0)","decl":{"start":{"line":7,"column":4},"end":{"line":7,"column":5}},"loc":{"start":{"line":7,"column":17},"end":{"line":9,"column":5}},"line":7},"1":{"name":"(anonymous_1)","decl":{"start":{"line":11,"column":4},"end":{"line":11,"column":5}},"loc":{"start":{"line":11,"column":18},"end":{"line":22,"column":5}},"line":11},"2":{"name":"(anonymous_2)","decl":{"start":{"line":24,"column":4},"end":{"line":24,"column":5}},"loc":{"start":{"line":24,"column":32},"end":{"line":38,"column":5}},"line":24},"3":{"name":"(anonymous_3)","decl":{"start":{"line":25,"column":37},"end":{"line":25,"column":38}},"loc":{"start":{"line":25,"column":45},"end":{"line":25,"column":69}},"line":25},"4":{"name":"(anonymous_4)","decl":{"start":{"line":40,"column":4},"end":{"line":40,"column":5}},"loc":{"start":{"line":40,"column":32},"end":{"line":52,"column":5}},"line":40}},"branchMap":{"0":{"loc":{"start":{"line":12,"column":8},"end":{"line":19,"column":9}},"type":"if","locations":[{"start":{"line":12,"column":8},"end":{"line":19,"column":9}},{"start":{"line":12,"column":8},"end":{"line":19,"column":9}}],"line":12},"1":{"loc":{"start":{"line":14,"column":15},"end":{"line":19,"column":9}},"type":"if","locations":[{"start":{"line":14,"column":15},"end":{"line":19,"column":9}},{"start":{"line":14,"column":15},"end":{"line":19,"column":9}}],"line":14},"2":{"loc":{"start":{"line":27,"column":8},"end":{"line":29,"column":9}},"type":"if","locations":[{"start":{"line":27,"column":8},"end":{"line":29,"column":9}},{"start":{"line":27,"column":8},"end":{"line":29,"column":9}}],"line":27},"3":{"loc":{"start":{"line":33,"column":8},"end":{"line":37,"column":9}},"type":"if","locations":[{"start":{"line":33,"column":8},"end":{"line":37,"column":9}},{"start":{"line":33,"column":8},"end":{"line":37,"column":9}}],"line":33},"4":{"loc":{"start":{"line":35,"column":15},"end":{"line":37,"column":9}},"type":"if","locations":[{"start":{"line":35,"column":15},"end":{"line":37,"column":9}},{"start":{"line":35,"column":15},"end":{"line":37,"column":9}}],"line":35},"5":{"loc":{"start":{"line":43,"column":8},"end":{"line":45,"column":9}},"type":"if","locations":[{"start":{"line":43,"column":8},"end":{"line":45,"column":9}},{"start":{"line":43,"column":8},"end":{"line":45,"column":9}}],"line":43},"6":{"loc":{"start":{"line":43,"column":11},"end":{"line":43,"column":78}},"type":"binary-expr","locations":[{"start":{"line":43,"column":11},"end":{"line":43,"column":42}},{"start":{"line":43,"column":46},"end":{"line":43,"column":78}}],"line":43},"7":{"loc":{"start":{"line":47,"column":8},"end":{"line":49,"column":9}},"type":"if","locations":[{"start":{"line":47,"column":8},"end":{"line":49,"column":9}},{"start":{"line":47,"column":8},"end":{"line":49,"column":9}}],"line":47}},"s":{"0":4,"1":4,"2":4,"3":3,"4":0,"5":3,"6":3,"7":3,"8":3,"9":3,"10":4,"11":6,"12":4,"13":1,"14":3,"15":3,"16":2,"17":1,"18":1,"19":2,"20":2,"21":0,"22":2,"23":0,"24":2,"25":4},"f":{"0":3,"1":3,"2":4,"3":6,"4":2},"b":{"0":[0,3],"1":[3,0],"2":[1,3],"3":[2,1],"4":[1,0],"5":[0,2],"6":[2,2],"7":[0,2]},"_coverageSchema":"1a1c01bbd47fc00a2c39e90264f33305004495a9","hash":"90ae249bb0f7ff2b364a1f1bb2977c49e642753f"}
,"C:\\Users\\abrahel\\projects\\multiverse\\scooter-challenge\\src\\Scooter.js": {"path":"C:\\Users\\abrahel\\projects\\multiverse\\scooter-challenge\\src\\Scooter.js","statementMap":{"0":{"start":{"line":2,"column":23},"end":{"line":2,"column":24}},"1":{"start":{"line":5,"column":8},"end":{"line":5,"column":36}},"2":{"start":{"line":6,"column":8},"end":{"line":6,"column":31}},"3":{"start":{"line":7,"column":8},"end":{"line":7,"column":21}},"4":{"start":{"line":8,"column":8},"end":{"line":8,"column":55}},"5":{"start":{"line":9,"column":8},"end":{"line":9,"column":22}},"6":{"start":{"line":11,"column":8},"end":{"line":11,"column":28}},"7":{"start":{"line":15,"column":8},"end":{"line":15,"column":31}},"8":{"start":{"line":19,"column":8},"end":{"line":19,"column":33}},"9":{"start":{"line":23,"column":8},"end":{"line":23,"column":26}},"10":{"start":{"line":24,"column":8},"end":{"line":31,"column":9}},"11":{"start":{"line":25,"column":12},"end":{"line":28,"column":13}},"12":{"start":{"line":26,"column":16},"end":{"line":26,"column":39}},"13":{"start":{"line":27,"column":16},"end":{"line":27,"column":99}},"14":{"start":{"line":29,"column":12},"end":{"line":29,"column":27}},"15":{"start":{"line":30,"column":12},"end":{"line":30,"column":27}},"16":{"start":{"line":32,"column":8},"end":{"line":32,"column":93}},"17":{"start":{"line":36,"column":0},"end":{"line":36,"column":25}}},"fnMap":{"0":{"name":"(anonymous_0)","decl":{"start":{"line":4,"column":4},"end":{"line":4,"column":5}},"loc":{"start":{"line":4,"column":17},"end":{"line":12,"column":5}},"line":4},"1":{"name":"(anonymous_1)","decl":{"start":{"line":14,"column":4},"end":{"line":14,"column":5}},"loc":{"start":{"line":14,"column":23},"end":{"line":16,"column":5}},"line":14},"2":{"name":"(anonymous_2)","decl":{"start":{"line":18,"column":4},"end":{"line":18,"column":5}},"loc":{"start":{"line":18,"column":23},"end":{"line":20,"column":5}},"line":18},"3":{"name":"(anonymous_3)","decl":{"start":{"line":22,"column":4},"end":{"line":22,"column":5}},"loc":{"start":{"line":22,"column":21},"end":{"line":33,"column":5}},"line":22}},"branchMap":{"0":{"loc":{"start":{"line":25,"column":12},"end":{"line":28,"column":13}},"type":"if","locations":[{"start":{"line":25,"column":12},"end":{"line":28,"column":13}},{"start":{"line":25,"column":12},"end":{"line":28,"column":13}}],"line":25}},"s":{"0":4,"1":6,"2":6,"3":6,"4":6,"5":6,"6":6,"7":9,"8":6,"9":4,"10":4,"11":13,"12":1,"13":1,"14":12,"15":12,"16":3,"17":4},"f":{"0":6,"1":9,"2":6,"3":4},"b":{"0":[1,12]},"_coverageSchema":"1a1c01bbd47fc00a2c39e90264f33305004495a9","hash":"b076a02dfd066c980e3161934b712b4188d796f8"}
,"C:\\Users\\abrahel\\projects\\multiverse\\scooter-challenge\\src\\Station.js": {"path":"C:\\Users\\abrahel\\projects\\multiverse\\scooter-challenge\\src\\Station.js","statementMap":{"0":{"start":{"line":1,"column":12},"end":{"line":1,"column":28}},"1":{"start":{"line":4,"column":23},"end":{"line":4,"column":24}},"2":{"start":{"line":7,"column":8},"end":{"line":7,"column":36}},"3":{"start":{"line":8,"column":8},"end":{"line":8,"column":27}},"4":{"start":{"line":9,"column":8},"end":{"line":9,"column":25}},"5":{"start":{"line":11,"column":8},"end":{"line":11,"column":32}},"6":{"start":{"line":12,"column":8},"end":{"line":12,"column":28}},"7":{"start":{"line":16,"column":8},"end":{"line":16,"column":33}},"8":{"start":{"line":17,"column":8},"end":{"line":17,"column":36}},"9":{"start":{"line":21,"column":8},"end":{"line":23,"column":9}},"10":{"start":{"line":22,"column":12},"end":{"line":22,"column":62}},"11":{"start":{"line":25,"column":8},"end":{"line":29,"column":9}},"12":{"start":{"line":26,"column":12},"end":{"line":26,"column":37}},"13":{"start":{"line":27,"column":15},"end":{"line":29,"column":9}},"14":{"start":{"line":28,"column":12},"end":{"line":28,"column":53}},"15":{"start":{"line":33,"column":8},"end":{"line":35,"column":9}},"16":{"start":{"line":34,"column":12},"end":{"line":34,"column":62}},"17":{"start":{"line":36,"column":8},"end":{"line":36,"column":31}},"18":{"start":{"line":37,"column":22},"end":{"line":37,"column":52}},"19":{"start":{"line":38,"column":8},"end":{"line":38,"column":39}},"20":{"start":{"line":46,"column":0},"end":{"line":46,"column":25}}},"fnMap":{"0":{"name":"(anonymous_0)","decl":{"start":{"line":6,"column":4},"end":{"line":6,"column":5}},"loc":{"start":{"line":6,"column":18},"end":{"line":13,"column":5}},"line":6},"1":{"name":"(anonymous_1)","decl":{"start":{"line":15,"column":4},"end":{"line":15,"column":5}},"loc":{"start":{"line":15,"column":23},"end":{"line":18,"column":5}},"line":15},"2":{"name":"(anonymous_2)","decl":{"start":{"line":20,"column":4},"end":{"line":20,"column":5}},"loc":{"start":{"line":20,"column":26},"end":{"line":30,"column":5}},"line":20},"3":{"name":"(anonymous_3)","decl":{"start":{"line":32,"column":4},"end":{"line":32,"column":5}},"loc":{"start":{"line":32,"column":26},"end":{"line":39,"column":5}},"line":32}},"branchMap":{"0":{"loc":{"start":{"line":21,"column":8},"end":{"line":23,"column":9}},"type":"if","locations":[{"start":{"line":21,"column":8},"end":{"line":23,"column":9}},{"start":{"line":21,"column":8},"end":{"line":23,"column":9}}],"line":21},"1":{"loc":{"start":{"line":25,"column":8},"end":{"line":29,"column":9}},"type":"if","locations":[{"start":{"line":25,"column":8},"end":{"line":29,"column":9}},{"start":{"line":25,"column":8},"end":{"line":29,"column":9}}],"line":25},"2":{"loc":{"start":{"line":27,"column":15},"end":{"line":29,"column":9}},"type":"if","locations":[{"start":{"line":27,"column":15},"end":{"line":29,"column":9}},{"start":{"line":27,"column":15},"end":{"line":29,"column":9}}],"line":27},"3":{"loc":{"start":{"line":33,"column":8},"end":{"line":35,"column":9}},"type":"if","locations":[{"start":{"line":33,"column":8},"end":{"line":35,"column":9}},{"start":{"line":33,"column":8},"end":{"line":35,"column":9}}],"line":33}},"s":{"0":4,"1":4,"2":7,"3":7,"4":7,"5":7,"6":7,"7":7,"8":7,"9":5,"10":0,"11":5,"12":5,"13":0,"14":0,"15":2,"16":0,"17":2,"18":2,"19":2,"20":4},"f":{"0":7,"1":7,"2":5,"3":2},"b":{"0":[0,5],"1":[5,0],"2":[0,0],"3":[0,2]},"_coverageSchema":"1a1c01bbd47fc00a2c39e90264f33305004495a9","hash":"ef542cd1075e7173b6fe8a9bcaabb73338ddbefc"}
,"C:\\Users\\abrahel\\projects\\multiverse\\scooter-challenge\\src\\User.js": {"path":"C:\\Users\\abrahel\\projects\\multiverse\\scooter-challenge\\src\\User.js","statementMap":{"0":{"start":{"line":1,"column":18},"end":{"line":1,"column":34}},"1":{"start":{"line":2,"column":12},"end":{"line":2,"column":28}},"2":{"start":{"line":5,"column":23},"end":{"line":5,"column":24}},"3":{"start":{"line":8,"column":8},"end":{"line":8,"column":25}},"4":{"start":{"line":9,"column":8},"end":{"line":9,"column":23}},"5":{"start":{"line":10,"column":8},"end":{"line":10,"column":21}},"6":{"start":{"line":11,"column":8},"end":{"line":11,"column":21}},"7":{"start":{"line":15,"column":8},"end":{"line":15,"column":91}},"8":{"start":{"line":19,"column":24},"end":{"line":19,"column":39}},"9":{"start":{"line":20,"column":8},"end":{"line":22,"column":9}},"10":{"start":{"line":21,"column":12},"end":{"line":21,"column":100}},"11":{"start":{"line":24,"column":8},"end":{"line":29,"column":9}},"12":{"start":{"line":25,"column":26},"end":{"line":25,"column":59}},"13":{"start":{"line":26,"column":12},"end":{"line":26,"column":46}},"14":{"start":{"line":27,"column":12},"end":{"line":27,"column":41}},"15":{"start":{"line":28,"column":12},"end":{"line":28,"column":89}},"16":{"start":{"line":31,"column":8},"end":{"line":33,"column":9}},"17":{"start":{"line":32,"column":12},"end":{"line":32,"column":94}},"18":{"start":{"line":37,"column":8},"end":{"line":37,"column":31}},"19":{"start":{"line":41,"column":24},"end":{"line":41,"column":36}},"20":{"start":{"line":42,"column":26},"end":{"line":42,"column":51}},"21":{"start":{"line":43,"column":24},"end":{"line":43,"column":49}},"22":{"start":{"line":44,"column":24},"end":{"line":44,"column":39}},"23":{"start":{"line":46,"column":8},"end":{"line":48,"column":9}},"24":{"start":{"line":47,"column":12},"end":{"line":47,"column":91}},"25":{"start":{"line":50,"column":8},"end":{"line":52,"column":9}},"26":{"start":{"line":51,"column":12},"end":{"line":51,"column":27}},"27":{"start":{"line":54,"column":8},"end":{"line":54,"column":39}},"28":{"start":{"line":55,"column":8},"end":{"line":55,"column":33}},"29":{"start":{"line":56,"column":8},"end":{"line":56,"column":37}},"30":{"start":{"line":61,"column":25},"end":{"line":61,"column":41}},"31":{"start":{"line":63,"column":8},"end":{"line":65,"column":9}},"32":{"start":{"line":64,"column":12},"end":{"line":64,"column":51}},"33":{"start":{"line":67,"column":8},"end":{"line":67,"column":28}},"34":{"start":{"line":68,"column":8},"end":{"line":68,"column":29}},"35":{"start":{"line":69,"column":8},"end":{"line":69,"column":36}},"36":{"start":{"line":70,"column":8},"end":{"line":70,"column":34}},"37":{"start":{"line":74,"column":20},"end":{"line":74,"column":21}},"38":{"start":{"line":75,"column":27},"end":{"line":75,"column":29}},"39":{"start":{"line":76,"column":22},"end":{"line":76,"column":51}},"40":{"start":{"line":78,"column":8},"end":{"line":80,"column":9}},"41":{"start":{"line":79,"column":12},"end":{"line":79,"column":112}},"42":{"start":{"line":87,"column":0},"end":{"line":87,"column":22}}},"fnMap":{"0":{"name":"(anonymous_0)","decl":{"start":{"line":7,"column":4},"end":{"line":7,"column":5}},"loc":{"start":{"line":7,"column":26},"end":{"line":12,"column":5}},"line":7},"1":{"name":"(anonymous_1)","decl":{"start":{"line":14,"column":4},"end":{"line":14,"column":5}},"loc":{"start":{"line":14,"column":14},"end":{"line":16,"column":5}},"line":14},"2":{"name":"(anonymous_2)","decl":{"start":{"line":18,"column":4},"end":{"line":18,"column":5}},"loc":{"start":{"line":18,"column":19},"end":{"line":34,"column":5}},"line":18},"3":{"name":"(anonymous_3)","decl":{"start":{"line":36,"column":4},"end":{"line":36,"column":5}},"loc":{"start":{"line":36,"column":23},"end":{"line":38,"column":5}},"line":36},"4":{"name":"(anonymous_4)","decl":{"start":{"line":40,"column":4},"end":{"line":40,"column":5}},"loc":{"start":{"line":40,"column":24},"end":{"line":58,"column":5}},"line":40},"5":{"name":"(anonymous_5)","decl":{"start":{"line":60,"column":4},"end":{"line":60,"column":5}},"loc":{"start":{"line":60,"column":35},"end":{"line":71,"column":5}},"line":60},"6":{"name":"(anonymous_6)","decl":{"start":{"line":73,"column":4},"end":{"line":73,"column":5}},"loc":{"start":{"line":73,"column":17},"end":{"line":82,"column":5}},"line":73}},"branchMap":{"0":{"loc":{"start":{"line":20,"column":8},"end":{"line":22,"column":9}},"type":"if","locations":[{"start":{"line":20,"column":8},"end":{"line":22,"column":9}},{"start":{"line":20,"column":8},"end":{"line":22,"column":9}}],"line":20},"1":{"loc":{"start":{"line":20,"column":11},"end":{"line":20,"column":69}},"type":"binary-expr","locations":[{"start":{"line":20,"column":11},"end":{"line":20,"column":34}},{"start":{"line":20,"column":38},"end":{"line":20,"column":69}}],"line":20},"2":{"loc":{"start":{"line":24,"column":8},"end":{"line":29,"column":9}},"type":"if","locations":[{"start":{"line":24,"column":8},"end":{"line":29,"column":9}},{"start":{"line":24,"column":8},"end":{"line":29,"column":9}}],"line":24},"3":{"loc":{"start":{"line":24,"column":11},"end":{"line":24,"column":72}},"type":"binary-expr","locations":[{"start":{"line":24,"column":11},"end":{"line":24,"column":34}},{"start":{"line":24,"column":38},"end":{"line":24,"column":72}}],"line":24},"4":{"loc":{"start":{"line":31,"column":8},"end":{"line":33,"column":9}},"type":"if","locations":[{"start":{"line":31,"column":8},"end":{"line":33,"column":9}},{"start":{"line":31,"column":8},"end":{"line":33,"column":9}}],"line":31},"5":{"loc":{"start":{"line":46,"column":8},"end":{"line":48,"column":9}},"type":"if","locations":[{"start":{"line":46,"column":8},"end":{"line":48,"column":9}},{"start":{"line":46,"column":8},"end":{"line":48,"column":9}}],"line":46},"6":{"loc":{"start":{"line":50,"column":8},"end":{"line":52,"column":9}},"type":"if","locations":[{"start":{"line":50,"column":8},"end":{"line":52,"column":9}},{"start":{"line":50,"column":8},"end":{"line":52,"column":9}}],"line":50},"7":{"loc":{"start":{"line":63,"column":8},"end":{"line":65,"column":9}},"type":"if","locations":[{"start":{"line":63,"column":8},"end":{"line":65,"column":9}},{"start":{"line":63,"column":8},"end":{"line":65,"column":9}}],"line":63},"8":{"loc":{"start":{"line":78,"column":8},"end":{"line":80,"column":9}},"type":"if","locations":[{"start":{"line":78,"column":8},"end":{"line":80,"column":9}},{"start":{"line":78,"column":8},"end":{"line":80,"column":9}}],"line":78}},"s":{"0":4,"1":4,"2":4,"3":5,"4":5,"5":5,"6":5,"7":1,"8":1,"9":1,"10":0,"11":1,"12":1,"13":1,"14":1,"15":1,"16":0,"17":0,"18":2,"19":1,"20":1,"21":1,"22":1,"23":1,"24":0,"25":1,"26":0,"27":1,"28":1,"29":1,"30":1,"31":1,"32":0,"33":1,"34":1,"35":1,"36":1,"37":1,"38":1,"39":1,"40":1,"41":1,"42":4},"f":{"0":5,"1":1,"2":1,"3":2,"4":1,"5":1,"6":1},"b":{"0":[0,1],"1":[1,1],"2":[1,0],"3":[1,1],"4":[0,0],"5":[0,1],"6":[0,1],"7":[0,1],"8":[1,0]},"_coverageSchema":"1a1c01bbd47fc00a2c39e90264f33305004495a9","hash":"9e9b566ddc0a943f17110999ffe17281373d6840"}
}
