TN:
SF:src\App.js
FN:7,(anonymous_0)
FN:11,(anonymous_1)
FN:24,(anonymous_2)
FN:25,(anonymous_3)
FN:40,(anonymous_4)
FNF:5
FNH:5
FNDA:3,(anonymous_0)
FNDA:3,(anonymous_1)
FNDA:4,(anonymous_2)
FNDA:6,(anonymous_3)
FNDA:2,(anonymous_4)
DA:1,4
DA:4,4
DA:5,4
DA:12,3
DA:13,0
DA:14,3
DA:15,3
DA:16,3
DA:17,3
DA:18,3
DA:25,6
DA:27,4
DA:28,1
DA:31,3
DA:33,3
DA:34,2
DA:35,1
DA:36,1
DA:41,2
DA:43,2
DA:44,0
DA:47,2
DA:48,0
DA:51,2
DA:55,4
LF:25
LH:22
BRDA:12,0,0,0
BRDA:12,0,1,3
BRDA:14,1,0,3
BRDA:14,1,1,0
BRDA:27,2,0,1
BRDA:27,2,1,3
BRDA:33,3,0,2
BRDA:33,3,1,1
BRDA:35,4,0,1
BRDA:35,4,1,0
BRDA:43,5,0,0
BRDA:43,5,1,2
BRDA:43,6,0,2
BRDA:43,6,1,2
BRDA:47,7,0,0
BRDA:47,7,1,2
BRF:16
BRH:11
end_of_record
TN:
SF:src\Scooter.js
FN:4,(anonymous_0)
FN:14,(anonymous_1)
FN:18,(anonymous_2)
FN:22,(anonymous_3)
FNF:4
FNH:4
FNDA:6,(anonymous_0)
FNDA:9,(anonymous_1)
FNDA:6,(anonymous_2)
FNDA:4,(anonymous_3)
DA:2,4
DA:5,6
DA:6,6
DA:7,6
DA:8,6
DA:9,6
DA:11,6
DA:15,9
DA:19,6
DA:23,4
DA:24,4
DA:25,13
DA:26,1
DA:27,1
DA:29,12
DA:30,12
DA:32,3
DA:36,4
LF:18
LH:18
BRDA:25,0,0,1
BRDA:25,0,1,12
BRF:2
BRH:2
end_of_record
TN:
SF:src\Station.js
FN:6,(anonymous_0)
FN:15,(anonymous_1)
FN:20,(anonymous_2)
FN:32,(anonymous_3)
FNF:4
FNH:4
FNDA:7,(anonymous_0)
FNDA:7,(anonymous_1)
FNDA:5,(anonymous_2)
FNDA:2,(anonymous_3)
DA:1,4
DA:4,4
DA:7,7
DA:8,7
DA:9,7
DA:11,7
DA:12,7
DA:16,7
DA:17,7
DA:21,5
DA:22,0
DA:25,5
DA:26,5
DA:27,0
DA:28,0
DA:33,2
DA:34,0
DA:36,2
DA:37,2
DA:38,2
DA:46,4
LF:21
LH:17
BRDA:21,0,0,0
BRDA:21,0,1,5
BRDA:25,1,0,5
BRDA:25,1,1,0
BRDA:27,2,0,0
BRDA:27,2,1,0
BRDA:33,3,0,0
BRDA:33,3,1,2
BRF:8
BRH:3
end_of_record
TN:
SF:src\User.js
FN:7,(anonymous_0)
FN:14,(anonymous_1)
FN:18,(anonymous_2)
FN:36,(anonymous_3)
FN:40,(anonymous_4)
FN:60,(anonymous_5)
FN:73,(anonymous_6)
FNF:7
FNH:7
FNDA:5,(anonymous_0)
FNDA:1,(anonymous_1)
FNDA:1,(anonymous_2)
FNDA:2,(anonymous_3)
FNDA:1,(anonymous_4)
FNDA:1,(anonymous_5)
FNDA:1,(anonymous_6)
DA:1,4
DA:2,4
DA:5,4
DA:8,5
DA:9,5
DA:10,5
DA:11,5
DA:15,1
DA:19,1
DA:20,1
DA:21,0
DA:24,1
DA:25,1
DA:26,1
DA:27,1
DA:28,1
DA:31,0
DA:32,0
DA:37,2
DA:41,1
DA:42,1
DA:43,1
DA:44,1
DA:46,1
DA:47,0
DA:50,1
DA:51,0
DA:54,1
DA:55,1
DA:56,1
DA:61,1
DA:63,1
DA:64,0
DA:67,1
DA:68,1
DA:69,1
DA:70,1
DA:74,1
DA:75,1
DA:76,1
DA:78,1
DA:79,1
DA:87,4
LF:43
LH:37
BRDA:20,0,0,0
BRDA:20,0,1,1
BRDA:20,1,0,1
BRDA:20,1,1,1
BRDA:24,2,0,1
BRDA:24,2,1,0
BRDA:24,3,0,1
BRDA:24,3,1,1
BRDA:31,4,0,0
BRDA:31,4,1,0
BRDA:46,5,0,0
BRDA:46,5,1,1
BRDA:50,6,0,0
BRDA:50,6,1,1
BRDA:63,7,0,0
BRDA:63,7,1,1
BRDA:78,8,0,1
BRDA:78,8,1,0
BRF:18
BRH:10
end_of_record
